[ec2-user][Sun Oct 18 18:29:34 UTC 2015] - Getting files from remote server
[ec2-user][Sun Oct 18 18:29:37 UTC 2015] - Executing mainScript in server folder
[ec2-user][Son Okt 18 18:39:25 UTC 2015] - Getting files from remote server
[ec2-user][Son Okt 18 18:39:26 UTC 2015] - Executing mainScript in server folder
[ec2-user][Son Okt 18 18:49:27 UTC 2015] - Getting files from remote server
[ec2-user][Son Okt 18 18:49:27 UTC 2015] - create symbolic link
[ec2-user][Son Okt 18 18:49:27 UTC 2015] - Executing mainScript in server folder
[ec2-user][Son Okt 18 18:49:48 UTC 2015] - Getting files from remote server
[ec2-user][Son Okt 18 18:49:50 UTC 2015] - create symbolic link
[ec2-user][Son Okt 18 18:49:50 UTC 2015] - Executing mainScript in server folder
[ec2-user][Son Okt 18 18:50:23 UTC 2015] - Getting files from remote server
[ec2-user][Son Okt 18 18:50:24 UTC 2015] - create symbolic link
[ec2-user][Son Okt 18 18:50:24 UTC 2015] - Executing mainScript in server folder
[ec2-user][Son Okt 18 18:51:48 UTC 2015] - Getting files from remote server
[ec2-user][Son Okt 18 18:51:49 UTC 2015] - create symbolic link
[ec2-user][Son Okt 18 18:51:49 UTC 2015] - Executing mainScript in downloaded folder
[ec2-user][Son Okt 18 19:04:44 UTC 2015] - Getting files from remote server
[ec2-user][Son Okt 18 19:04:45 UTC 2015] - create symbolic link
[ec2-user][Son Okt 18 19:04:51 UTC 2015] - Getting files from remote server
[ec2-user][Son Okt 18 19:04:52 UTC 2015] - create symbolic link
[ec2-user][Son Okt 18 19:14:52 UTC 2015] - Getting files from remote server
[ec2-user][Son Okt 18 19:14:56 UTC 2015] - create symbolic link
[ec2-user][Son Okt 18 19:16:32 UTC 2015] - Getting files from remote server
[ec2-user][Son Okt 18 19:16:36 UTC 2015] - create symbolic link
[ec2-user][Sun Oct 18 19:35:44 UTC 2015] - Getting files from remote server
[ec2-user][Sun Oct 18 19:35:48 UTC 2015] - create symbolic link
[ec2-user][Son Okt 18 19:52:04 UTC 2015] - Getting files from remote server
[ec2-user][Son Okt 18 19:52:07 UTC 2015] - create symbolic link
[ec2-user][Son Okt 18 19:56:53 UTC 2015] - Executing script round number 1
[ec2-user][Son Okt 18 19:56:53 UTC 2015] - Getting files from remote server
[ec2-user][Son Okt 18 19:56:57 UTC 2015] - create symbolic link
[ec2-user][Son Okt 18 19:57:08 UTC 2015] - Executing script round number 1
[ec2-user][Son Okt 18 19:57:08 UTC 2015] - Getting files from remote server
[ec2-user][Son Okt 18 19:57:11 UTC 2015] - create symbolic link
[ec2-user][Son Okt 18 19:58:48 UTC 2015] - Executing script round number 1
[ec2-user][Son Okt 18 19:58:48 UTC 2015] - Getting files from remote server
[ec2-user][Son Okt 18 19:58:51 UTC 2015] - create symbolic link
[ec2-user][Son Okt 18 19:59:55 UTC 2015] - Executing script round number 1
[ec2-user][Son Okt 18 19:59:55 UTC 2015] - Getting files from remote server
[ec2-user][Son Okt 18 19:59:58 UTC 2015] - create symbolic link
[ec2-user][Son Okt 18 20:01:00 UTC 2015] - Executing script round number 1
[ec2-user][Son Okt 18 20:01:00 UTC 2015] - Getting files from remote server
[ec2-user][Son Okt 18 20:01:03 UTC 2015] - create symbolic link
[ec2-user][Son Okt 18 20:03:08 UTC 2015] - Executing script round number 1
[ec2-user][Son Okt 18 20:03:08 UTC 2015] - Getting files from remote server
[ec2-user][Son Okt 18 20:03:11 UTC 2015] - create symbolic link
[ec2-user][Son Okt 18 20:04:25 UTC 2015] - Executing script round number 1
[ec2-user][Son Okt 18 20:04:25 UTC 2015] - Getting files from remote server
[ec2-user][Son Okt 18 20:04:28 UTC 2015] - create symbolic link
[ec2-user][Son Okt 18 20:05:35 UTC 2015] - Executing script round number 1
[ec2-user][Son Okt 18 20:05:35 UTC 2015] - Getting files from remote server
[ec2-user][Son Okt 18 20:05:39 UTC 2015] - create symbolic link
[ec2-user][Son Okt 18 20:07:13 UTC 2015] - Executing script round number 1
[ec2-user][Son Okt 18 20:07:13 UTC 2015] - Getting files from remote server
[ec2-user][Son Okt 18 20:07:17 UTC 2015] - create symbolic link
[ec2-user][Son Okt 18 20:09:33 UTC 2015] - Executing script round number 1
[ec2-user][Son Okt 18 20:09:33 UTC 2015] - Getting files from remote server
[ec2-user][Son Okt 18 20:09:38 UTC 2015] - create symbolic link
[ec2-user][Son Okt 18 20:14:29 UTC 2015] - Executing script round number 1
[ec2-user][Son Okt 18 20:14:29 UTC 2015] - Getting files from remote server
[ec2-user][Son Okt 18 20:14:36 UTC 2015] - create symbolic link
[ec2-user][Son Okt 18 20:14:52 UTC 2015] - Executing script round number 1
[ec2-user][Son Okt 18 20:14:52 UTC 2015] - Getting files from remote server
[ec2-user][Son Okt 18 20:14:56 UTC 2015] - create symbolic link
[ec2-user][Son Okt 18 20:19:24 UTC 2015] - Executing script round number 1
[ec2-user][Son Okt 18 20:19:24 UTC 2015] - Getting files from remote server
[ec2-user][Son Okt 18 20:19:26 UTC 2015] - create symbolic link
[ec2-user][Son Okt 18 20:24:29 UTC 2015] - Executing script round number 1
[ec2-user][Son Okt 18 20:24:29 UTC 2015] - Getting files from remote server
[ec2-user][Son Okt 18 20:24:31 UTC 2015] - create symbolic link
[ec2-user][Son Okt 18 20:24:49 UTC 2015] - Executing script round number 1
[ec2-user][Son Okt 18 20:24:49 UTC 2015] - Getting files from remote server
[ec2-user][Son Okt 18 20:24:52 UTC 2015] - create symbolic link
[ec2-user][Son Okt 18 20:25:11 UTC 2015] - Executing script round number 1
[ec2-user][Son Okt 18 20:25:11 UTC 2015] - Getting files from remote server
[ec2-user][Son Okt 18 20:25:13 UTC 2015] - create symbolic link
[ec2-user][Son Okt 18 20:26:43 UTC 2015] - Executing script round number 1
[ec2-user][Son Okt 18 20:26:43 UTC 2015] - Getting files from remote server
[ec2-user][Son Okt 18 20:26:45 UTC 2015] - create symbolic link
[ec2-user][Son Okt 18 20:27:05 UTC 2015] - Executing script round number 1
[ec2-user][Son Okt 18 20:27:05 UTC 2015] - Getting files from remote server
[ec2-user][Son Okt 18 20:27:08 UTC 2015] - create symbolic link
[ec2-user][Son Okt 18 20:27:44 UTC 2015] - Executing script round number 1
[ec2-user][Son Okt 18 20:27:44 UTC 2015] - Getting files from remote server
[ec2-user][Son Okt 18 20:27:46 UTC 2015] - create symbolic link
[ec2-user][Son Okt 18 20:28:26 UTC 2015] - Executing script round number 1
[ec2-user][Son Okt 18 20:28:26 UTC 2015] - Getting files from remote server
[ec2-user][Son Okt 18 20:28:29 UTC 2015] - create symbolic link
[ec2-user][Son Okt 18 20:28:36 UTC 2015] - create symbolic link
[ec2-user][Son Okt 18 20:28:43 UTC 2015] - create symbolic link
[ec2-user][Son Okt 18 20:29:53 UTC 2015] - Executing script round number 1
[ec2-user][Son Okt 18 20:29:53 UTC 2015] - Getting files from remote server
[ec2-user][Son Okt 18 20:29:55 UTC 2015] - create symbolic link
[ec2-user][Son Okt 18 20:30:03 UTC 2015] - create symbolic link
[ec2-user][Son Okt 18 20:31:11 UTC 2015] - Executing script round number 1
[ec2-user][Son Okt 18 20:31:11 UTC 2015] - Getting files from remote server
[ec2-user][Son Okt 18 20:31:14 UTC 2015] - create symbolic link
[ec2-user][Son Okt 18 20:32:12 UTC 2015] - Executing script round number 1
[ec2-user][Son Okt 18 20:32:12 UTC 2015] - Getting files from remote server
[ec2-user][Son Okt 18 20:32:16 UTC 2015] - create symbolic link
[ec2-user][Son Okt 18 20:32:27 UTC 2015] - create symbolic link
[ec2-user][Son Okt 18 20:34:02 UTC 2015] - Executing script round number 1
[ec2-user][Son Okt 18 20:34:02 UTC 2015] - Getting files from remote server
[ec2-user][Son Okt 18 20:34:06 UTC 2015] - create symbolic link
[ec2-user][Son Okt 18 20:35:52 UTC 2015] - Executing script round number 1
[ec2-user][Son Okt 18 20:35:52 UTC 2015] - Getting files from remote server
[ec2-user][Son Okt 18 20:35:55 UTC 2015] - create symbolic link
[ec2-user][Son Okt 18 20:41:51 UTC 2015] - Executing script round number 1
[ec2-user][Son Okt 18 20:41:51 UTC 2015] - Getting files from remote server
[ec2-user][Son Okt 18 20:41:54 UTC 2015] - create symbolic link
[ec2-user][Sun Oct 18 20:48:33 UTC 2015] - Executing script round number 1
[ec2-user][Sun Oct 18 20:48:33 UTC 2015] - Getting files from remote server
[ec2-user][Sun Oct 18 20:48:38 UTC 2015] - create symbolic link
[ec2-user][Sun Oct 18 20:51:01 UTC 2015] - create symbolic link
[ec2-user][Sun Oct 18 20:51:31 UTC 2015] - create symbolic link
[ec2-user][Sun Oct 18 20:51:46 UTC 2015] - create symbolic link
[ec2-user][Sun Oct 18 20:53:08 UTC 2015] - create symbolic link
[ec2-user][Sun Oct 18 20:55:30 UTC 2015] - create symbolic link
[ec2-user][Sun Oct 18 20:57:52 UTC 2015] - create symbolic link
[ec2-user][Sun Oct 18 21:00:13 UTC 2015] - create symbolic link
[ec2-user][Sun Oct 18 21:02:35 UTC 2015] - create symbolic link
[ec2-user][Sun Oct 18 21:04:57 UTC 2015] - create symbolic link
[ec2-user][Sun Oct 18 21:07:19 UTC 2015] - create symbolic link
[ec2-user][Sun Oct 18 21:09:41 UTC 2015] - create symbolic link
[ec2-user][Sun Oct 18 21:12:03 UTC 2015] - create symbolic link
[ec2-user][Sun Oct 18 21:14:25 UTC 2015] - create symbolic link
[ec2-user][Sun Oct 18 21:16:48 UTC 2015] - create symbolic link
[ec2-user][Sun Oct 18 21:19:10 UTC 2015] - create symbolic link
[ec2-user][Sun Oct 18 21:21:32 UTC 2015] - create symbolic link
[ec2-user][Sun Oct 18 21:23:55 UTC 2015] - create symbolic link
[ec2-user][Sun Oct 18 21:26:17 UTC 2015] - create symbolic link
[ec2-user][Sun Oct 18 21:28:39 UTC 2015] - create symbolic link
[ec2-user][Sun Oct 18 21:31:02 UTC 2015] - create symbolic link
[ec2-user][Son Okt 18 21:31:39 UTC 2015] - Executing script round number 1
[ec2-user][Son Okt 18 21:31:39 UTC 2015] - Getting files from remote server
[ec2-user][Son Okt 18 21:31:43 UTC 2015] - create symbolic link
[ec2-user][Son Okt 18 21:31:43 UTC 2015] - Make all shell files downloaded executable
[ec2-user][Son Okt 18 21:31:43 UTC 2015] - Execute main script
[ec2-user][Son Okt 18 21:31:43 UTC 2015] - Executing script round number 1
[ec2-user][Son Okt 18 21:31:43 UTC 2015] - Getting files from remote server
[ec2-user][Sun Oct 18 21:31:45 UTC 2015] - create symbolic link
[ec2-user][Sun Oct 18 21:31:45 UTC 2015] - Make all shell files downloaded executable
[ec2-user][Sun Oct 18 21:31:45 UTC 2015] - Execute main script
[ec2-user][Sun Oct 18 21:31:45 UTC 2015] - Executing script round number 1
[ec2-user][Sun Oct 18 21:31:45 UTC 2015] - Getting files from remote server
[ec2-user][Son Okt 18 21:31:48 UTC 2015] - create symbolic link
[ec2-user][Son Okt 18 21:31:48 UTC 2015] - Make all shell files downloaded executable
[ec2-user][Son Okt 18 21:31:48 UTC 2015] - Execute main script
[ec2-user][Son Okt 18 21:31:48 UTC 2015] - Executing script round number 1
[ec2-user][Son Okt 18 21:31:48 UTC 2015] - Getting files from remote server
[ec2-user][Sun Oct 18 21:31:50 UTC 2015] - create symbolic link
[ec2-user][Sun Oct 18 21:31:50 UTC 2015] - Make all shell files downloaded executable
[ec2-user][Sun Oct 18 21:31:50 UTC 2015] - Execute main script
[ec2-user][Sun Oct 18 21:31:50 UTC 2015] - Executing script round number 1
[ec2-user][Sun Oct 18 21:31:50 UTC 2015] - Getting files from remote server
[ec2-user][Son Okt 18 21:31:52 UTC 2015] - create symbolic link
[ec2-user][Son Okt 18 21:31:52 UTC 2015] - Make all shell files downloaded executable
[ec2-user][Son Okt 18 21:31:52 UTC 2015] - Execute main script
[ec2-user][Son Okt 18 21:31:52 UTC 2015] - Executing script round number 1
[ec2-user][Son Okt 18 21:31:52 UTC 2015] - Getting files from remote server
[ec2-user][Sun Oct 18 21:31:54 UTC 2015] - create symbolic link
[ec2-user][Sun Oct 18 21:31:54 UTC 2015] - Make all shell files downloaded executable
[ec2-user][Sun Oct 18 21:31:54 UTC 2015] - Execute main script
[ec2-user][Sun Oct 18 21:31:54 UTC 2015] - Executing script round number 1
[ec2-user][Sun Oct 18 21:31:54 UTC 2015] - Getting files from remote server
[ec2-user][Son Okt 18 21:31:56 UTC 2015] - create symbolic link
[ec2-user][Son Okt 18 21:31:56 UTC 2015] - Make all shell files downloaded executable
[ec2-user][Son Okt 18 21:31:56 UTC 2015] - Execute main script
[ec2-user][Son Okt 18 21:31:56 UTC 2015] - Executing script round number 1
[ec2-user][Son Okt 18 21:31:56 UTC 2015] - Getting files from remote server
[ec2-user][Sun Oct 18 21:31:59 UTC 2015] - create symbolic link
[ec2-user][Sun Oct 18 21:31:59 UTC 2015] - Make all shell files downloaded executable
[ec2-user][Sun Oct 18 21:31:59 UTC 2015] - Execute main script
[ec2-user][Sun Oct 18 21:31:59 UTC 2015] - Executing script round number 1
[ec2-user][Sun Oct 18 21:31:59 UTC 2015] - Getting files from remote server
[ec2-user][Son Okt 18 21:32:01 UTC 2015] - create symbolic link
[ec2-user][Son Okt 18 21:32:01 UTC 2015] - Make all shell files downloaded executable
[ec2-user][Son Okt 18 21:32:01 UTC 2015] - Execute main script
[ec2-user][Son Okt 18 21:32:01 UTC 2015] - Executing script round number 1
[ec2-user][Son Okt 18 21:32:01 UTC 2015] - Getting files from remote server
[ec2-user][Sun Oct 18 21:32:03 UTC 2015] - create symbolic link
[ec2-user][Sun Oct 18 21:32:03 UTC 2015] - Make all shell files downloaded executable
[ec2-user][Sun Oct 18 21:32:03 UTC 2015] - Execute main script
[ec2-user][Sun Oct 18 21:32:03 UTC 2015] - Executing script round number 1
[ec2-user][Sun Oct 18 21:32:03 UTC 2015] - Getting files from remote server
[ec2-user][Son Okt 18 21:32:05 UTC 2015] - create symbolic link
[ec2-user][Son Okt 18 21:32:05 UTC 2015] - Make all shell files downloaded executable
[ec2-user][Son Okt 18 21:32:05 UTC 2015] - Execute main script
[ec2-user][Son Okt 18 21:32:05 UTC 2015] - Executing script round number 1
[ec2-user][Son Okt 18 21:32:05 UTC 2015] - Getting files from remote server
[ec2-user][Sun Oct 18 21:32:07 UTC 2015] - create symbolic link
[ec2-user][Sun Oct 18 21:32:07 UTC 2015] - Make all shell files downloaded executable
[ec2-user][Sun Oct 18 21:32:07 UTC 2015] - Execute main script
[ec2-user][Sun Oct 18 21:32:07 UTC 2015] - Executing script round number 1
[ec2-user][Sun Oct 18 21:32:07 UTC 2015] - Getting files from remote server
[ec2-user][Son Okt 18 21:32:09 UTC 2015] - create symbolic link
[ec2-user][Son Okt 18 21:32:09 UTC 2015] - Make all shell files downloaded executable
[ec2-user][Son Okt 18 21:32:09 UTC 2015] - Execute main script
[ec2-user][Son Okt 18 21:32:09 UTC 2015] - Executing script round number 1
[ec2-user][Son Okt 18 21:32:09 UTC 2015] - Getting files from remote server
[ec2-user][Son Okt 18 21:32:10 UTC 2015] - Executing script round number 1
[ec2-user][Son Okt 18 21:32:10 UTC 2015] - Getting files from remote server
[ec2-user][Sun Oct 18 21:32:11 UTC 2015] - create symbolic link
[ec2-user][Sun Oct 18 21:32:11 UTC 2015] - Make all shell files downloaded executable
[ec2-user][Sun Oct 18 21:32:11 UTC 2015] - Execute main script
[ec2-user][Sun Oct 18 21:32:11 UTC 2015] - Executing script round number 1
[ec2-user][Sun Oct 18 21:32:11 UTC 2015] - Getting files from remote server
[ec2-user][Son Okt 18 21:32:13 UTC 2015] - create symbolic link
[ec2-user][Son Okt 18 21:32:13 UTC 2015] - Make all shell files downloaded executable
[ec2-user][Son Okt 18 21:32:13 UTC 2015] - Execute main script
[ec2-user][Son Okt 18 21:32:13 UTC 2015] - Executing script round number 1
[ec2-user][Son Okt 18 21:32:13 UTC 2015] - Getting files from remote server
[ec2-user][Son Okt 18 21:32:14 UTC 2015] - create symbolic link
[ec2-user][Son Okt 18 21:32:14 UTC 2015] - Make all shell files downloaded executable
[ec2-user][Son Okt 18 21:32:14 UTC 2015] - Execute main script
[ec2-user][Son Okt 18 21:32:14 UTC 2015] - Executing script round number 1
[ec2-user][Son Okt 18 21:32:14 UTC 2015] - Getting files from remote server
[ec2-user][Sun Oct 18 21:32:16 UTC 2015] - create symbolic link
[ec2-user][Sun Oct 18 21:32:16 UTC 2015] - Make all shell files downloaded executable
[ec2-user][Sun Oct 18 21:32:16 UTC 2015] - Execute main script
[ec2-user][Sun Oct 18 21:32:16 UTC 2015] - Executing script round number 1
[ec2-user][Sun Oct 18 21:32:16 UTC 2015] - Getting files from remote server
[ec2-user][Son Okt 18 21:32:17 UTC 2015] - create symbolic link
[ec2-user][Son Okt 18 21:32:17 UTC 2015] - Make all shell files downloaded executable
[ec2-user][Son Okt 18 21:32:17 UTC 2015] - Execute main script
[ec2-user][Son Okt 18 21:32:17 UTC 2015] - Executing script round number 1
[ec2-user][Son Okt 18 21:32:17 UTC 2015] - Getting files from remote server
[ec2-user][Son Okt 18 21:32:18 UTC 2015] - create symbolic link
[ec2-user][Son Okt 18 21:32:18 UTC 2015] - Make all shell files downloaded executable
[ec2-user][Son Okt 18 21:32:18 UTC 2015] - Execute main script
[ec2-user][Son Okt 18 21:32:18 UTC 2015] - Executing script round number 1
[ec2-user][Son Okt 18 21:32:18 UTC 2015] - Getting files from remote server
[ec2-user][Sun Oct 18 21:32:20 UTC 2015] - create symbolic link
[ec2-user][Sun Oct 18 21:32:20 UTC 2015] - Make all shell files downloaded executable
[ec2-user][Sun Oct 18 21:32:20 UTC 2015] - Execute main script
[ec2-user][Sun Oct 18 21:32:20 UTC 2015] - Executing script round number 1
[ec2-user][Sun Oct 18 21:32:20 UTC 2015] - Getting files from remote server
[ec2-user][Son Okt 18 21:32:21 UTC 2015] - create symbolic link
[ec2-user][Son Okt 18 21:32:21 UTC 2015] - Make all shell files downloaded executable
[ec2-user][Son Okt 18 21:32:21 UTC 2015] - Execute main script
[ec2-user][Son Okt 18 21:32:21 UTC 2015] - Executing script round number 1
[ec2-user][Son Okt 18 21:32:21 UTC 2015] - Getting files from remote server
[ec2-user][Son Okt 18 21:32:22 UTC 2015] - create symbolic link
[ec2-user][Son Okt 18 21:32:22 UTC 2015] - Make all shell files downloaded executable
[ec2-user][Son Okt 18 21:32:22 UTC 2015] - Execute main script
[ec2-user][Son Okt 18 21:32:22 UTC 2015] - Executing script round number 1
[ec2-user][Son Okt 18 21:32:22 UTC 2015] - Getting files from remote server
[ec2-user][Sun Oct 18 21:32:24 UTC 2015] - create symbolic link
[ec2-user][Sun Oct 18 21:32:24 UTC 2015] - Make all shell files downloaded executable
[ec2-user][Sun Oct 18 21:32:24 UTC 2015] - Execute main script
[ec2-user][Sun Oct 18 21:32:24 UTC 2015] - Executing script round number 1
[ec2-user][Sun Oct 18 21:32:24 UTC 2015] - Getting files from remote server
[ec2-user][Son Okt 18 21:32:25 UTC 2015] - create symbolic link
[ec2-user][Son Okt 18 21:32:25 UTC 2015] - Make all shell files downloaded executable
[ec2-user][Son Okt 18 21:32:25 UTC 2015] - Execute main script
[ec2-user][Son Okt 18 21:32:25 UTC 2015] - Executing script round number 1
[ec2-user][Son Okt 18 21:32:25 UTC 2015] - Getting files from remote server
[ec2-user][Son Okt 18 21:32:25 UTC 2015] - create symbolic link
[ec2-user][Son Okt 18 21:32:25 UTC 2015] - Make all shell files downloaded executable
[ec2-user][Son Okt 18 21:32:25 UTC 2015] - Execute main script
[ec2-user][Son Okt 18 21:32:25 UTC 2015] - Executing script round number 1
[ec2-user][Son Okt 18 21:32:25 UTC 2015] - Getting files from remote server
[ec2-user][Sun Oct 18 21:32:29 UTC 2015] - create symbolic link
[ec2-user][Son Okt 18 21:32:30 UTC 2015] - create symbolic link
[ec2-user][Sun Oct 18 21:33:53 UTC 2015] - create symbolic link
[ec2-user][Sun Oct 18 21:33:53 UTC 2015] - Make all shell files downloaded executable
[ec2-user][Sun Oct 18 21:33:53 UTC 2015] - Execute main script
[ec2-user][Sun Oct 18 21:33:53 UTC 2015] - Executing script round number 1
[ec2-user][Sun Oct 18 21:33:53 UTC 2015] - Getting files from remote server
[ec2-user][Son Okt 18 21:33:56 UTC 2015] - create symbolic link
[ec2-user][Sun Oct 18 21:33:56 UTC 2015] - create symbolic link
[ec2-user][Sun Oct 18 21:36:06 UTC 2015] - Executing script round number 1
[ec2-user][Sun Oct 18 21:36:06 UTC 2015] - Getting files from remote server
[ec2-user][Sun Oct 18 21:36:08 UTC 2015] - create symbolic link
[ec2-user][Sun Oct 18 22:01:59 UTC 2015] - Executing script round number 1
[ec2-user][Sun Oct 18 22:01:59 UTC 2015] - Getting files from remote server
[ec2-user][Sun Oct 18 22:02:04 UTC 2015] - create symbolic link
[ec2-user][Sun Oct 18 22:06:43 UTC 2015] - create symbolic link
[ec2-user][Sun Oct 18 22:07:38 UTC 2015] - create symbolic link
[ec2-user][Sun Oct 18 22:07:53 UTC 2015] - create symbolic link
[ec2-user][Sun Oct 18 22:08:07 UTC 2015] - create symbolic link
[ec2-user][Sun Oct 18 22:08:22 UTC 2015] - create symbolic link
[ec2-user][Sun Oct 18 22:08:37 UTC 2015] - create symbolic link
[ec2-user][Sun Oct 18 22:08:50 UTC 2015] - create symbolic link
[ec2-user][Sun Oct 18 22:09:05 UTC 2015] - create symbolic link
[ec2-user][Sun Oct 18 22:09:20 UTC 2015] - create symbolic link
[ec2-user][Sun Oct 18 22:09:20 UTC 2015] - Make all shell files downloaded executable
[ec2-user][Sun Oct 18 22:09:20 UTC 2015] - Execute main script
[ec2-user][Sun Oct 18 22:09:20 UTC 2015] - Executing script round number 1
[ec2-user][Sun Oct 18 22:09:20 UTC 2015] - Getting files from remote server
[ec2-user][Sun Oct 18 22:09:25 UTC 2015] - create symbolic link
[ec2-user][Sun Oct 18 22:09:39 UTC 2015] - create symbolic link
[ec2-user][Son Okt 18 22:12:09 UTC 2015] - Executing script round number 1
[ec2-user][Son Okt 18 22:12:09 UTC 2015] - Getting files from remote server
[ec2-user][Son Okt 18 22:12:52 UTC 2015] - Executing script round number 1
[ec2-user][Son Okt 18 22:12:52 UTC 2015] - Getting files from remote server
[ec2-user][Son Okt 18 22:12:57 UTC 2015] - Executing script round number 1
[ec2-user][Son Okt 18 22:12:57 UTC 2015] - Getting files from remote server
[ec2-user][Son Okt 18 22:14:16 UTC 2015] - Executing script round number 1
[ec2-user][Son Okt 18 22:14:16 UTC 2015] - Getting files from remote server
[ec2-user][Sun Oct 18 22:16:31 UTC 2015] - Executing script round number 1
[ec2-user][Sun Oct 18 22:16:31 UTC 2015] - Getting files from remote server
[ec2-user][Sun Oct 18 22:27:54 UTC 2015] - Executing script round number 1
[ec2-user][Sun Oct 18 22:27:54 UTC 2015] - Getting files from remote server
[ec2-user][Son Okt 18 22:29:13 UTC 2015] - Getting files from remote server
[ec2-user][Son Okt 18 22:29:15 UTC 2015] - create symbolic link
[ec2-user][Mon Oct 19 12:14:59 UTC 2015] - Getting files from remote server
[ec2-user][Mon Oct 19 12:15:05 UTC 2015] - create symbolic link
